<?xml version="1.0" encoding="utf-8"?><testsuites name="pytest tests"><testsuite name="pytest" errors="0" failures="0" skipped="0" tests="34" time="1.639" timestamp="2025-10-14T10:16:43.527943+09:00" hostname="jeongseungjin-ui-MacBookPro.local"><testcase classname="tests.test_cn_adapter.TestCNAdapter" name="test_add_custom_tickers" time="0.006" /><testcase classname="tests.test_cn_adapter.TestCNAdapter" name="test_collect_etf_ohlcv_not_implemented" time="0.000" /><testcase classname="tests.test_cn_adapter.TestCNAdapter" name="test_collect_fundamentals_akshare_success" time="0.000" /><testcase classname="tests.test_cn_adapter.TestCNAdapter" name="test_collect_fundamentals_fallback_to_yfinance" time="0.000" /><testcase classname="tests.test_cn_adapter.TestCNAdapter" name="test_collect_stock_ohlcv_akshare_success" time="0.572" /><testcase classname="tests.test_cn_adapter.TestCNAdapter" name="test_collect_stock_ohlcv_both_sources_fail" time="0.001" /><testcase classname="tests.test_cn_adapter.TestCNAdapter" name="test_collect_stock_ohlcv_fallback_to_yfinance" time="0.007" /><testcase classname="tests.test_cn_adapter.TestCNAdapter" name="test_get_fallback_stats" time="0.000" /><testcase classname="tests.test_cn_adapter.TestCNAdapter" name="test_initialization" time="0.000" /><testcase classname="tests.test_cn_adapter.TestCNAdapter" name="test_initialization_without_fallback" time="0.000" /><testcase classname="tests.test_cn_adapter.TestCNAdapter" name="test_scan_etfs_not_implemented" time="0.000" /><testcase classname="tests.test_cn_adapter.TestCNAdapter" name="test_scan_stocks_filters_st_stocks" time="0.001" /><testcase classname="tests.test_cn_adapter.TestCNAdapter" name="test_scan_stocks_force_refresh" time="0.001" /><testcase classname="tests.test_cn_adapter.TestCNAdapter" name="test_scan_stocks_handles_api_errors" time="0.000" /><testcase classname="tests.test_cn_adapter.TestCNAdapter" name="test_scan_stocks_with_cache" time="0.000" /><testcase classname="tests.test_cn_adapter.TestCNStockParser" name="test_denormalize_ticker_yfinance" time="0.000" /><testcase classname="tests.test_cn_adapter.TestCNStockParser" name="test_get_exchange" time="0.000" /><testcase classname="tests.test_cn_adapter.TestCNStockParser" name="test_normalize_ticker" time="0.000" /><testcase classname="tests.test_cn_adapter.TestCNStockParser" name="test_validate_ticker_format" time="0.000" /><testcase classname="tests.test_hk_adapter.TestHKAdapter" name="test_add_custom_tickers" time="0.000" /><testcase classname="tests.test_hk_adapter.TestHKAdapter" name="test_collect_etf_ohlcv_not_implemented" time="0.000" /><testcase classname="tests.test_hk_adapter.TestHKAdapter" name="test_collect_fundamentals" time="0.000" /><testcase classname="tests.test_hk_adapter.TestHKAdapter" name="test_collect_fundamentals_handles_missing_data" time="0.000" /><testcase classname="tests.test_hk_adapter.TestHKAdapter" name="test_collect_stock_ohlcv" time="0.006" /><testcase classname="tests.test_hk_adapter.TestHKAdapter" name="test_collect_stock_ohlcv_handles_empty_data" time="0.000" /><testcase classname="tests.test_hk_adapter.TestHKAdapter" name="test_initialization" time="0.000" /><testcase classname="tests.test_hk_adapter.TestHKAdapter" name="test_scan_etfs_not_implemented" time="0.000" /><testcase classname="tests.test_hk_adapter.TestHKAdapter" name="test_scan_stocks_filters_common_stocks" time="0.000" /><testcase classname="tests.test_hk_adapter.TestHKAdapter" name="test_scan_stocks_force_refresh" time="0.000" /><testcase classname="tests.test_hk_adapter.TestHKAdapter" name="test_scan_stocks_handles_api_errors" time="0.000" /><testcase classname="tests.test_hk_adapter.TestHKAdapter" name="test_scan_stocks_with_cache" time="0.000" /><testcase classname="tests.test_hk_adapter.TestHKStockParser" name="test_denormalize_ticker" time="0.000" /><testcase classname="tests.test_hk_adapter.TestHKStockParser" name="test_normalize_ticker" time="0.000" /><testcase classname="tests.test_hk_adapter.TestHKStockParser" name="test_validate_ticker_format" time="0.000" /></testsuite></testsuites>